c:\project\aps\jungol\acmicpc\debug\vc140.pdb
c:\project\aps\jungol\acmicpc\debug\vc140.idb
c:\project\aps\jungol\acmicpc\debug\11047.obj
c:\project\aps\jungol\acmicpc\debug\1931.obj
c:\project\aps\jungol\acmicpc\debug\11391.obj
c:\project\aps\jungol\acmicpc\debug\1991.obj
c:\project\aps\jungol\acmicpc\debug\7576.obj
c:\project\aps\jungol\acmicpc\debug\1541.obj
c:\project\aps\jungol\acmicpc\debug\1080.obj
c:\project\aps\jungol\acmicpc\debug\1780.obj
c:\project\aps\jungol\acmicpc\debug\11728.obj
c:\project\aps\jungol\acmicpc\debug\2263.obj
c:\project\aps\jungol\acmicpc\debug\11723.obj
c:\project\aps\jungol\acmicpc\debug\1697.obj
c:\project\aps\jungol\acmicpc\debug\1717.obj
c:\project\aps\jungol\acmicpc\debug\2606.obj
c:\project\aps\jungol\acmicpc\debug\9095.obj
c:\project\aps\jungol\acmicpc\debug\1759.obj
c:\project\aps\jungol\acmicpc\debug\9663.obj
c:\project\aps\jungol\acmicpc\debug\2580.obj
c:\project\aps\jungol\acmicpc\debug\1182.obj
c:\project\aps\jungol\acmicpc\debug\3111.obj
c:\project\aps\jungol\acmicpc\debug\9935.obj
c:\project\aps\jungol\acmicpc\debug\sort.obj
c:\project\aps\jungol\acmicpc\debug\1602.obj
c:\project\aps\jungol\debug\acmicpc.ilk
c:\project\aps\jungol\debug\acmicpc.exe
c:\project\aps\jungol\debug\acmicpc.pdb
c:\project\aps\jungol\acmicpc\debug\1991.new.obj.enc
c:\project\aps\jungol\acmicpc\debug\acmicpc.tlog\cl.command.1.tlog
c:\project\aps\jungol\acmicpc\debug\acmicpc.tlog\cl.read.1.tlog
c:\project\aps\jungol\acmicpc\debug\acmicpc.tlog\cl.write.1.tlog
c:\project\aps\jungol\acmicpc\debug\acmicpc.tlog\link.command.1.tlog
c:\project\aps\jungol\acmicpc\debug\acmicpc.tlog\link.read.1.tlog
c:\project\aps\jungol\acmicpc\debug\acmicpc.tlog\link.write.1.tlog
